<?xml version="1.0" encoding="UTF-8"?>
<!-- Generated by org.testng.reporters.JUnitReportReporter -->
<testsuite hostname="Subha" failures="0" tests="7" name="swaglabs.ProductpageTests" time="1.543" errors="0" timestamp="2023-03-21T21:54:14 EDT" skipped="5">
  <testcase classname="swaglabs.ProductpageTests" name="Login" time="1.027"/>
  <system-out/>
  <testcase classname="swaglabs.ProductpageTests" name="CartProductValidation" time="0.516"/>
  <system-out/>
  <testcase classname="swaglabs.ProductpageTests" name="AddToCartBadgeUpdate">
    <skipped/>
  </testcase> <!-- AddToCartBadgeUpdate -->
  <system-out/>
  <testcase classname="swaglabs.ProductpageTests" name="ProductSorted">
    <skipped/>
  </testcase> <!-- ProductSorted -->
  <system-out/>
  <testcase classname="swaglabs.ProductpageTests" name="ButtonNameChange">
    <skipped/>
  </testcase> <!-- ButtonNameChange -->
  <system-out/>
  <testcase classname="swaglabs.ProductpageTests" name="SelectedProduct_Compare">
    <skipped/>
  </testcase> <!-- SelectedProduct_Compare -->
  <system-out/>
  <testcase classname="swaglabs.ProductpageTests" name="CartRemoveValidation">
    <skipped/>
  </testcase> <!-- CartRemoveValidation -->
  <system-out/>
</testsuite> <!-- swaglabs.ProductpageTests -->
