<?xml version="1.0" encoding="UTF-8"?>
<!-- Generated by org.testng.reporters.JUnitReportReporter -->
<testsuite hostname="Subha" failures="0" tests="4" name="swaglabs.Loginsteps" time="12.256" errors="0" timestamp="2023-03-14T16:41:17 EDT" skipped="0">
  <testcase classname="swaglabs.Loginsteps" name="Login" time="1.960"/>
  <system-out/>
  <testcase classname="swaglabs.Loginsteps" name="Login" time="1.295"/>
  <system-out/>
  <testcase classname="swaglabs.Loginsteps" name="Login" time="6.972"/>
  <system-out/>
  <testcase classname="swaglabs.Loginsteps" name="Login" time="2.029"/>
  <system-out/>
</testsuite> <!-- swaglabs.Loginsteps -->
