<?xml version="1.0" encoding="UTF-8"?>
<!-- Generated by org.testng.reporters.JUnitReportReporter -->
<testsuite hostname="Subha" failures="0" tests="4" name="swaglabs.Loginsteps" time="9.579" errors="0" timestamp="2023-03-16T15:43:32 EDT" skipped="0">
  <testcase classname="swaglabs.Loginsteps" name="ALogin" time="1.232"/>
  <system-out/>
  <testcase classname="swaglabs.Loginsteps" name="ALogin" time="0.775"/>
  <system-out/>
  <testcase classname="swaglabs.Loginsteps" name="ALogin" time="6.812"/>
  <system-out/>
  <testcase classname="swaglabs.Loginsteps" name="ALogin" time="0.760"/>
  <system-out/>
</testsuite> <!-- swaglabs.Loginsteps -->
