<?xml version="1.0" encoding="UTF-8"?>
<!-- Generated by org.testng.reporters.JUnitReportReporter -->
<testsuite hostname="Subha" failures="0" tests="1" name="swaglabs.CheckoutTests" time="1.809" errors="0" timestamp="2023-03-21T21:54:14 EDT" skipped="0">
  <testcase classname="swaglabs.CheckoutTests" name="CheckOutValidation" time="1.809"/>
  <system-out/>
</testsuite> <!-- swaglabs.CheckoutTests -->
