<?xml version="1.0" encoding="UTF-8"?>
<!-- Generated by org.testng.reporters.JUnitReportReporter -->
<testsuite hostname="Subha" failures="0" tests="4" name="swaglabs.Loginsteps" time="13.113" errors="0" timestamp="2023-03-17T11:24:04 EDT" skipped="0">
  <testcase classname="swaglabs.Loginsteps" name="ALogin" time="2.160"/>
  <system-out/>
  <testcase classname="swaglabs.Loginsteps" name="ALogin" time="1.901"/>
  <system-out/>
  <testcase classname="swaglabs.Loginsteps" name="ALogin" time="6.998"/>
  <system-out/>
  <testcase classname="swaglabs.Loginsteps" name="ALogin" time="2.054"/>
  <system-out/>
</testsuite> <!-- swaglabs.Loginsteps -->
