<?xml version="1.0" encoding="UTF-8"?>
<!-- Generated by org.testng.reporters.JUnitReportReporter -->
<testsuite hostname="Subha" failures="0" tests="9" name="swaglabs.ProductpageTests" time="8.555" errors="0" timestamp="2023-03-16T15:43:32 EDT" skipped="0">
  <testcase classname="swaglabs.ProductpageTests" name="Login" time="1.325"/>
  <system-out/>
  <testcase classname="swaglabs.ProductpageTests" name="SelectedProduct_Compare" time="0.778"/>
  <system-out/>
  <testcase classname="swaglabs.ProductpageTests" name="SelectedProduct_Compare" time="0.854"/>
  <system-out/>
  <testcase classname="swaglabs.ProductpageTests" name="ProductSorted" time="1.002"/>
  <system-out/>
  <testcase classname="swaglabs.ProductpageTests" name="ProductSorted" time="1.144"/>
  <system-out/>
  <testcase classname="swaglabs.ProductpageTests" name="SelectedProduct_Compare" time="0.784"/>
  <system-out/>
  <testcase classname="swaglabs.ProductpageTests" name="SelectedProduct_Compare" time="1.007"/>
  <system-out/>
  <testcase classname="swaglabs.ProductpageTests" name="ProductSorted" time="0.817"/>
  <system-out/>
  <testcase classname="swaglabs.ProductpageTests" name="ProductSorted" time="0.844"/>
  <system-out/>
</testsuite> <!-- swaglabs.ProductpageTests -->
